* installing *source* package ‘Microbialdiversity’ ...
** using staged installation
** R
** data
*** moving datasets to lazyload DB
** inst
** byte-compile and prepare package for lazy loading
[1] 4
$inverse_simpson_x
[1] 2.475103

$inverse_simpson_y
[1] 2.964912

$difference
[1] -0.4898098

$p_value
[1] 0.32

      [,1]  [,2]  [,3]
[1,] 1.000 0.443 0.556
[2,] 0.443 1.000 0.438
[3,] 0.556 0.438 1.000
[1] 3
$observed_otus_x
[1] 3

$observed_otus_y
[1] 3

$difference
[1] 0

$p_value
[1] 1

     [,1] [,2] [,3]
[1,]    1    1    1
[2,]    1    1    1
[3,]    1    1    1
[1] 0.75
$simpson_x
[1] 0.5959763

$simpson_y
[1] 0.6627219

$difference
[1] -0.06674556

$p_value
[1] 0.308

      [,1]  [,2]  [,3]
[1,] 1.000 0.408 0.539
[2,] 0.408 1.000 0.410
[3,] 0.539 0.410 1.000
** help
*** installing help indices
** building package indices
** installing vignettes
** testing if installed package can be loaded from temporary location
** testing if installed package can be loaded from final location
** testing if installed package keeps a record of temporary installation path
* DONE (Microbialdiversity)
